<?xml version="1.0" encoding="UTF-8"?>
<!-- Generated by org.testng.reporters.JUnitReportReporter -->
<testsuite skipped="0" hostname="superadmins-MacBook-Pro-41.local" name="com.projectname.testcases.TC002_GetSingleUser" tests="4" failures="0" timestamp="2020-05-18T15:50:22 IST" time="0.007" errors="0">
  <testcase name="ContentType" time="0.001" classname="com.projectname.testcases.TC002_GetSingleUser"/>
  <system-out/>
  <testcase name="CheckResponseTime" time="0.002" classname="com.projectname.testcases.TC002_GetSingleUser"/>
  <system-out/>
  <testcase name="checkbody" time="0.001" classname="com.projectname.testcases.TC002_GetSingleUser"/>
  <system-out/>
  <testcase name="CheckstatusCode" time="0.003" classname="com.projectname.testcases.TC002_GetSingleUser"/>
  <system-out/>
</testsuite> <!-- com.projectname.testcases.TC002_GetSingleUser -->
