<?xml version="1.0" encoding="UTF-8"?>
<!-- Generated by org.testng.reporters.JUnitReportReporter -->
<testsuite skipped="0" hostname="superadmins-MacBook-Pro-41.local" name="com.projectname.testcases.TC001_GETUSER_LIST" tests="4" failures="0" timestamp="2020-05-18T15:50:22 IST" time="0.028" errors="0">
  <testcase name="checkResponseBody" time="0.017" classname="com.projectname.testcases.TC001_GETUSER_LIST"/>
  <system-out/>
  <testcase name="ContentType" time="0.001" classname="com.projectname.testcases.TC001_GETUSER_LIST"/>
  <system-out/>
  <testcase name="CheckResponseTime" time="0.009" classname="com.projectname.testcases.TC001_GETUSER_LIST"/>
  <system-out/>
  <testcase name="CheckstatusCode" time="0.001" classname="com.projectname.testcases.TC001_GETUSER_LIST"/>
  <system-out/>
</testsuite> <!-- com.projectname.testcases.TC001_GETUSER_LIST -->
