<?xml version="1.0" encoding="UTF-8"?>
<!-- Generated by org.testng.reporters.JUnitReportReporter -->
<testsuite skipped="0" hostname="superadmins-MacBook-Pro-41.local" name="com.projectname.testcases.TC003_POST_NewUser" tests="4" failures="0" timestamp="2020-05-18T15:50:22 IST" time="0.004" errors="0">
  <testcase name="CheckResponseTime" time="0.002" classname="com.projectname.testcases.TC003_POST_NewUser"/>
  <system-out/>
  <testcase name="checkResponseBody" time="0.000" classname="com.projectname.testcases.TC003_POST_NewUser"/>
  <system-out/>
  <testcase name="ContentType" time="0.001" classname="com.projectname.testcases.TC003_POST_NewUser"/>
  <system-out/>
  <testcase name="CheckstatusCode" time="0.001" classname="com.projectname.testcases.TC003_POST_NewUser"/>
  <system-out/>
</testsuite> <!-- com.projectname.testcases.TC003_POST_NewUser -->
